<?xml version="1.0" encoding="utf-8"?>
<CoverageSession>
  <Summary numSequencePoints="108" visitedSequencePoints="30" numBranchPoints="50" visitedBranchPoints="17" sequenceCoverage="27.77" branchCoverage="34" maxCyclomaticComplexity="70" minCyclomaticComplexity="70" visitedClasses="2" numClasses="13" visitedMethods="6" numMethods="28" />
  <Modules>
    <Module hash="CD97BE09-1BC2-422B-85D2-68F035CA33A5">
      <ModulePath>BPCalculator.dll</ModulePath>
      <ModuleTime>2025-12-11T02:31:59</ModuleTime>
      <ModuleName>BPCalculator</ModuleName>
      <Files>
        <File uid="1" fullPath="/Users/madnialihussain/Documents/Ubaid/bp/BPCalculator/BloodPressure.cs" />
        <File uid="2" fullPath="/Users/madnialihussain/Documents/Ubaid/bp/BPCalculator/Program.cs" />
        <File uid="3" fullPath="/Users/madnialihussain/Documents/Ubaid/bp/BPCalculator/Startup.cs" />
        <File uid="4" fullPath="/Users/madnialihussain/Documents/Ubaid/bp/BPCalculator/Services/TelemetryService.cs" />
        <File uid="5" fullPath="/Users/madnialihussain/Documents/Ubaid/bp/BPCalculator/Pages/Error.cshtml.cs" />
        <File uid="6" fullPath="/Users/madnialihussain/Documents/Ubaid/bp/BPCalculator/Pages/Index.cshtml.cs" />
        <File uid="7" fullPath="/Users/madnialihussain/Documents/Ubaid/bp/BPCalculator/Pages/Privacy.cshtml.cs" />
        <File uid="8" fullPath="/Users/madnialihussain/Documents/Ubaid/bp/BPCalculator/Pages/Error.cshtml" />
        <File uid="9" fullPath="/Users/madnialihussain/Documents/Ubaid/bp/BPCalculator/Pages/Index.cshtml" />
        <File uid="10" fullPath="/Users/madnialihussain/Documents/Ubaid/bp/BPCalculator/Pages/Privacy.cshtml" />
        <File uid="11" fullPath="/Users/madnialihussain/Documents/Ubaid/bp/BPCalculator/Pages/_ViewStart.cshtml" />
      </Files>
      <Classes>
        <Class>
          <Summary numSequencePoints="14" visitedSequencePoints="14" numBranchPoints="12" visitedBranchPoints="12" sequenceCoverage="100" branchCoverage="100" maxCyclomaticComplexity="12" minCyclomaticComplexity="1" visitedClasses="1" numClasses="1" visitedMethods="3" numMethods="3" />
          <FullName>BPCalculator.BloodPressure</FullName>
          <Methods>
            <Method cyclomaticComplexity="1" nPathComplexity="1" sequenceCoverage="100" branchCoverage="100" isConstructor="False" isGetter="True" isSetter="False" isStatic="True">
              <Summary numSequencePoints="1" visitedSequencePoints="1" numBranchPoints="0" visitedBranchPoints="0" sequenceCoverage="100" branchCoverage="100" maxCyclomaticComplexity="1" minCyclomaticComplexity="1" visitedClasses="0" numClasses="0" visitedMethods="1" numMethods="1" />
              <MetadataToken />
              <Name>System.Int32 BPCalculator.BloodPressure::get_Systolic()</Name>
              <FileRef uid="1" />
              <SequencePoints>
                <SequencePoint vc="26" uspid="24" ordinal="0" sl="24" sc="1" el="24" ec="2" bec="0" bev="0" fileid="1" />
              </SequencePoints>
              <BranchPoints />
              <MethodPoint vc="1" uspid="0" p8:type="SequencePoint" ordinal="0" offset="0" sc="0" sl="24" ec="1" el="24" bec="0" bev="0" fileid="1" xmlns:p8="xsi" />
            </Method>
            <Method cyclomaticComplexity="1" nPathComplexity="1" sequenceCoverage="100" branchCoverage="100" isConstructor="False" isGetter="True" isSetter="False" isStatic="True">
              <Summary numSequencePoints="1" visitedSequencePoints="1" numBranchPoints="0" visitedBranchPoints="0" sequenceCoverage="100" branchCoverage="100" maxCyclomaticComplexity="1" minCyclomaticComplexity="1" visitedClasses="0" numClasses="0" visitedMethods="1" numMethods="1" />
              <MetadataToken />
              <Name>System.Int32 BPCalculator.BloodPressure::get_Diastolic()</Name>
              <FileRef uid="1" />
              <SequencePoints>
                <SequencePoint vc="21" uspid="27" ordinal="0" sl="27" sc="1" el="27" ec="2" bec="0" bev="0" fileid="1" />
              </SequencePoints>
              <BranchPoints />
              <MethodPoint vc="1" uspid="0" p8:type="SequencePoint" ordinal="1" offset="1" sc="0" sl="27" ec="1" el="27" bec="0" bev="0" fileid="1" xmlns:p8="xsi" />
            </Method>
            <Method cyclomaticComplexity="12" nPathComplexity="12" sequenceCoverage="100" branchCoverage="100" isConstructor="False" isGetter="True" isSetter="False" isStatic="True">
              <Summary numSequencePoints="12" visitedSequencePoints="12" numBranchPoints="12" visitedBranchPoints="12" sequenceCoverage="100" branchCoverage="100" maxCyclomaticComplexity="12" minCyclomaticComplexity="12" visitedClasses="0" numClasses="0" visitedMethods="1" numMethods="1" />
              <MetadataToken />
              <Name>BPCalculator.BPCategory BPCalculator.BloodPressure::get_Category()</Name>
              <FileRef uid="1" />
              <SequencePoints>
                <SequencePoint vc="8" uspid="33" ordinal="0" sl="33" sc="1" el="33" ec="2" bec="0" bev="0" fileid="1" />
                <SequencePoint vc="8" uspid="34" ordinal="1" sl="34" sc="1" el="34" ec="2" bec="4" bev="4" fileid="1" />
                <SequencePoint vc="2" uspid="35" ordinal="2" sl="35" sc="1" el="35" ec="2" bec="0" bev="0" fileid="1" />
                <SequencePoint vc="2" uspid="36" ordinal="3" sl="36" sc="1" el="36" ec="2" bec="0" bev="0" fileid="1" />
                <SequencePoint vc="6" uspid="39" ordinal="4" sl="39" sc="1" el="39" ec="2" bec="4" bev="4" fileid="1" />
                <SequencePoint vc="3" uspid="40" ordinal="5" sl="40" sc="1" el="40" ec="2" bec="0" bev="0" fileid="1" />
                <SequencePoint vc="3" uspid="41" ordinal="6" sl="41" sc="1" el="41" ec="2" bec="0" bev="0" fileid="1" />
                <SequencePoint vc="3" uspid="44" ordinal="7" sl="44" sc="1" el="44" ec="2" bec="4" bev="4" fileid="1" />
                <SequencePoint vc="2" uspid="45" ordinal="8" sl="45" sc="1" el="45" ec="2" bec="0" bev="0" fileid="1" />
                <SequencePoint vc="2" uspid="46" ordinal="9" sl="46" sc="1" el="46" ec="2" bec="0" bev="0" fileid="1" />
                <SequencePoint vc="1" uspid="49" ordinal="10" sl="49" sc="1" el="49" ec="2" bec="0" bev="0" fileid="1" />
                <SequencePoint vc="8" uspid="50" ordinal="11" sl="50" sc="1" el="50" ec="2" bec="0" bev="0" fileid="1" />
              </SequencePoints>
              <BranchPoints>
                <BranchPoint vc="7" uspid="34" ordinal="0" path="0" offset="12" offsetend="14" sl="34" fileid="1" />
                <BranchPoint vc="1" uspid="34" ordinal="1" path="1" offset="12" offsetend="29" sl="34" fileid="1" />
                <BranchPoint vc="2" uspid="34" ordinal="2" path="0" offset="32" offsetend="34" sl="34" fileid="1" />
                <BranchPoint vc="6" uspid="34" ordinal="3" path="1" offset="32" offsetend="39" sl="34" fileid="1" />
                <BranchPoint vc="3" uspid="39" ordinal="4" path="0" offset="47" offsetend="49" sl="39" fileid="1" />
                <BranchPoint vc="3" uspid="39" ordinal="5" path="1" offset="47" offsetend="64" sl="39" fileid="1" />
                <BranchPoint vc="3" uspid="39" ordinal="6" path="0" offset="67" offsetend="69" sl="39" fileid="1" />
                <BranchPoint vc="3" uspid="39" ordinal="7" path="1" offset="67" offsetend="74" sl="39" fileid="1" />
                <BranchPoint vc="2" uspid="44" ordinal="8" path="0" offset="82" offsetend="84" sl="44" fileid="1" />
                <BranchPoint vc="1" uspid="44" ordinal="9" path="1" offset="82" offsetend="99" sl="44" fileid="1" />
                <BranchPoint vc="2" uspid="44" ordinal="10" path="0" offset="102" offsetend="104" sl="44" fileid="1" />
                <BranchPoint vc="1" uspid="44" ordinal="11" path="1" offset="102" offsetend="109" sl="44" fileid="1" />
              </BranchPoints>
              <MethodPoint vc="12" uspid="0" p8:type="SequencePoint" ordinal="2" offset="2" sc="0" sl="33" ec="1" el="50" bec="0" bev="0" fileid="1" xmlns:p8="xsi" />
            </Method>
          </Methods>
        </Class>
        <Class>
          <Summary numSequencePoints="8" visitedSequencePoints="0" numBranchPoints="0" visitedBranchPoints="0" sequenceCoverage="0" branchCoverage="100" maxCyclomaticComplexity="1" minCyclomaticComplexity="1" visitedClasses="0" numClasses="1" visitedMethods="0" numMethods="2" />
          <FullName>BPCalculator.Program</FullName>
          <Methods>
            <Method cyclomaticComplexity="1" nPathComplexity="1" sequenceCoverage="0" branchCoverage="100" isConstructor="False" isGetter="False" isSetter="False" isStatic="True">
              <Summary numSequencePoints="3" visitedSequencePoints="0" numBranchPoints="0" visitedBranchPoints="0" sequenceCoverage="0" branchCoverage="100" maxCyclomaticComplexity="1" minCyclomaticComplexity="1" visitedClasses="0" numClasses="0" visitedMethods="0" numMethods="1" />
              <MetadataToken />
              <Name>System.Void BPCalculator.Program::Main(System.String[])</Name>
              <FileRef uid="2" />
              <SequencePoints>
                <SequencePoint vc="0" uspid="15" ordinal="0" sl="15" sc="1" el="15" ec="2" bec="0" bev="0" fileid="2" />
                <SequencePoint vc="0" uspid="16" ordinal="1" sl="16" sc="1" el="16" ec="2" bec="0" bev="0" fileid="2" />
                <SequencePoint vc="0" uspid="17" ordinal="2" sl="17" sc="1" el="17" ec="2" bec="0" bev="0" fileid="2" />
              </SequencePoints>
              <BranchPoints />
              <MethodPoint vc="0" uspid="0" p8:type="SequencePoint" ordinal="0" offset="0" sc="0" sl="15" ec="1" el="17" bec="0" bev="0" fileid="2" xmlns:p8="xsi" />
            </Method>
            <Method cyclomaticComplexity="1" nPathComplexity="1" sequenceCoverage="0" branchCoverage="100" isConstructor="False" isGetter="False" isSetter="False" isStatic="True">
              <Summary numSequencePoints="5" visitedSequencePoints="0" numBranchPoints="0" visitedBranchPoints="0" sequenceCoverage="0" branchCoverage="100" maxCyclomaticComplexity="1" minCyclomaticComplexity="1" visitedClasses="0" numClasses="0" visitedMethods="0" numMethods="1" />
              <MetadataToken />
              <Name>Microsoft.Extensions.Hosting.IHostBuilder BPCalculator.Program::CreateHostBuilder(System.String[])</Name>
              <FileRef uid="2" />
              <SequencePoints>
                <SequencePoint vc="0" uspid="20" ordinal="0" sl="20" sc="1" el="20" ec="2" bec="0" bev="0" fileid="2" />
                <SequencePoint vc="0" uspid="21" ordinal="1" sl="21" sc="1" el="21" ec="2" bec="0" bev="0" fileid="2" />
                <SequencePoint vc="0" uspid="22" ordinal="2" sl="22" sc="1" el="22" ec="2" bec="0" bev="0" fileid="2" />
                <SequencePoint vc="0" uspid="23" ordinal="3" sl="23" sc="1" el="23" ec="2" bec="0" bev="0" fileid="2" />
                <SequencePoint vc="0" uspid="24" ordinal="4" sl="24" sc="1" el="24" ec="2" bec="0" bev="0" fileid="2" />
              </SequencePoints>
              <BranchPoints />
              <MethodPoint vc="0" uspid="0" p8:type="SequencePoint" ordinal="1" offset="1" sc="0" sl="20" ec="1" el="24" bec="0" bev="0" fileid="2" xmlns:p8="xsi" />
            </Method>
          </Methods>
        </Class>
        <Class>
          <Summary numSequencePoints="25" visitedSequencePoints="0" numBranchPoints="2" visitedBranchPoints="0" sequenceCoverage="0" branchCoverage="0" maxCyclomaticComplexity="2" minCyclomaticComplexity="1" visitedClasses="0" numClasses="1" visitedMethods="0" numMethods="4" />
          <FullName>BPCalculator.Startup</FullName>
          <Methods>
            <Method cyclomaticComplexity="1" nPathComplexity="1" sequenceCoverage="0" branchCoverage="100" isConstructor="False" isGetter="True" isSetter="False" isStatic="True">
              <Summary numSequencePoints="1" visitedSequencePoints="0" numBranchPoints="0" visitedBranchPoints="0" sequenceCoverage="0" branchCoverage="100" maxCyclomaticComplexity="1" minCyclomaticComplexity="1" visitedClasses="0" numClasses="0" visitedMethods="0" numMethods="1" />
              <MetadataToken />
              <Name>Microsoft.Extensions.Configuration.IConfiguration BPCalculator.Startup::get_Configuration()</Name>
              <FileRef uid="3" />
              <SequencePoints>
                <SequencePoint vc="0" uspid="21" ordinal="0" sl="21" sc="1" el="21" ec="2" bec="0" bev="0" fileid="3" />
              </SequencePoints>
              <BranchPoints />
              <MethodPoint vc="0" uspid="0" p8:type="SequencePoint" ordinal="0" offset="0" sc="0" sl="21" ec="1" el="21" bec="0" bev="0" fileid="3" xmlns:p8="xsi" />
            </Method>
            <Method cyclomaticComplexity="1" nPathComplexity="1" sequenceCoverage="0" branchCoverage="100" isConstructor="False" isGetter="False" isSetter="False" isStatic="True">
              <Summary numSequencePoints="4" visitedSequencePoints="0" numBranchPoints="0" visitedBranchPoints="0" sequenceCoverage="0" branchCoverage="100" maxCyclomaticComplexity="1" minCyclomaticComplexity="1" visitedClasses="0" numClasses="0" visitedMethods="0" numMethods="1" />
              <MetadataToken />
              <Name>System.Void BPCalculator.Startup::ConfigureServices(Microsoft.Extensions.DependencyInjection.IServiceCollection)</Name>
              <FileRef uid="3" />
              <SequencePoints>
                <SequencePoint vc="0" uspid="25" ordinal="0" sl="25" sc="1" el="25" ec="2" bec="0" bev="0" fileid="3" />
                <SequencePoint vc="0" uspid="26" ordinal="1" sl="26" sc="1" el="26" ec="2" bec="0" bev="0" fileid="3" />
                <SequencePoint vc="0" uspid="27" ordinal="2" sl="27" sc="1" el="27" ec="2" bec="0" bev="0" fileid="3" />
                <SequencePoint vc="0" uspid="28" ordinal="3" sl="28" sc="1" el="28" ec="2" bec="0" bev="0" fileid="3" />
              </SequencePoints>
              <BranchPoints />
              <MethodPoint vc="0" uspid="0" p8:type="SequencePoint" ordinal="1" offset="1" sc="0" sl="25" ec="1" el="28" bec="0" bev="0" fileid="3" xmlns:p8="xsi" />
            </Method>
            <Method cyclomaticComplexity="2" nPathComplexity="2" sequenceCoverage="0" branchCoverage="0" isConstructor="False" isGetter="False" isSetter="False" isStatic="True">
              <Summary numSequencePoints="16" visitedSequencePoints="0" numBranchPoints="2" visitedBranchPoints="0" sequenceCoverage="0" branchCoverage="0" maxCyclomaticComplexity="2" minCyclomaticComplexity="2" visitedClasses="0" numClasses="0" visitedMethods="0" numMethods="1" />
              <MetadataToken />
              <Name>System.Void BPCalculator.Startup::Configure(Microsoft.AspNetCore.Builder.IApplicationBuilder,Microsoft.AspNetCore.Hosting.IWebHostEnvironment)</Name>
              <FileRef uid="3" />
              <SequencePoints>
                <SequencePoint vc="0" uspid="32" ordinal="0" sl="32" sc="1" el="32" ec="2" bec="0" bev="0" fileid="3" />
                <SequencePoint vc="0" uspid="33" ordinal="1" sl="33" sc="1" el="33" ec="2" bec="2" bev="0" fileid="3" />
                <SequencePoint vc="0" uspid="34" ordinal="2" sl="34" sc="1" el="34" ec="2" bec="0" bev="0" fileid="3" />
                <SequencePoint vc="0" uspid="35" ordinal="3" sl="35" sc="1" el="35" ec="2" bec="0" bev="0" fileid="3" />
                <SequencePoint vc="0" uspid="36" ordinal="4" sl="36" sc="1" el="36" ec="2" bec="0" bev="0" fileid="3" />
                <SequencePoint vc="0" uspid="38" ordinal="5" sl="38" sc="1" el="38" ec="2" bec="0" bev="0" fileid="3" />
                <SequencePoint vc="0" uspid="39" ordinal="6" sl="39" sc="1" el="39" ec="2" bec="0" bev="0" fileid="3" />
                <SequencePoint vc="0" uspid="40" ordinal="7" sl="40" sc="1" el="40" ec="2" bec="0" bev="0" fileid="3" />
                <SequencePoint vc="0" uspid="42" ordinal="8" sl="42" sc="1" el="42" ec="2" bec="0" bev="0" fileid="3" />
                <SequencePoint vc="0" uspid="44" ordinal="9" sl="44" sc="1" el="44" ec="2" bec="0" bev="0" fileid="3" />
                <SequencePoint vc="0" uspid="46" ordinal="10" sl="46" sc="1" el="46" ec="2" bec="0" bev="0" fileid="3" />
                <SequencePoint vc="0" uspid="48" ordinal="11" sl="48" sc="1" el="48" ec="2" bec="0" bev="0" fileid="3" />
                <SequencePoint vc="0" uspid="49" ordinal="12" sl="49" sc="1" el="49" ec="2" bec="0" bev="0" fileid="3" />
                <SequencePoint vc="0" uspid="50" ordinal="13" sl="50" sc="1" el="50" ec="2" bec="0" bev="0" fileid="3" />
                <SequencePoint vc="0" uspid="51" ordinal="14" sl="51" sc="1" el="51" ec="2" bec="0" bev="0" fileid="3" />
                <SequencePoint vc="0" uspid="52" ordinal="15" sl="52" sc="1" el="52" ec="2" bec="0" bev="0" fileid="3" />
              </SequencePoints>
              <BranchPoints>
                <BranchPoint vc="0" uspid="33" ordinal="0" path="0" offset="9" offsetend="11" sl="33" fileid="3" />
                <BranchPoint vc="0" uspid="33" ordinal="1" path="1" offset="9" offsetend="22" sl="33" fileid="3" />
              </BranchPoints>
              <MethodPoint vc="0" uspid="0" p8:type="SequencePoint" ordinal="2" offset="2" sc="0" sl="32" ec="1" el="52" bec="0" bev="0" fileid="3" xmlns:p8="xsi" />
            </Method>
            <Method cyclomaticComplexity="1" nPathComplexity="1" sequenceCoverage="0" branchCoverage="100" isConstructor="True" isGetter="False" isSetter="False" isStatic="True">
              <Summary numSequencePoints="4" visitedSequencePoints="0" numBranchPoints="0" visitedBranchPoints="0" sequenceCoverage="0" branchCoverage="100" maxCyclomaticComplexity="1" minCyclomaticComplexity="1" visitedClasses="0" numClasses="0" visitedMethods="0" numMethods="1" />
              <MetadataToken />
              <Name>System.Void BPCalculator.Startup::.ctor(Microsoft.Extensions.Configuration.IConfiguration)</Name>
              <FileRef uid="3" />
              <SequencePoints>
                <SequencePoint vc="0" uspid="16" ordinal="0" sl="16" sc="1" el="16" ec="2" bec="0" bev="0" fileid="3" />
                <SequencePoint vc="0" uspid="17" ordinal="1" sl="17" sc="1" el="17" ec="2" bec="0" bev="0" fileid="3" />
                <SequencePoint vc="0" uspid="18" ordinal="2" sl="18" sc="1" el="18" ec="2" bec="0" bev="0" fileid="3" />
                <SequencePoint vc="0" uspid="19" ordinal="3" sl="19" sc="1" el="19" ec="2" bec="0" bev="0" fileid="3" />
              </SequencePoints>
              <BranchPoints />
              <MethodPoint vc="0" uspid="0" p8:type="SequencePoint" ordinal="3" offset="3" sc="0" sl="16" ec="1" el="19" bec="0" bev="0" fileid="3" xmlns:p8="xsi" />
            </Method>
          </Methods>
        </Class>
        <Class>
          <Summary numSequencePoints="16" visitedSequencePoints="16" numBranchPoints="8" visitedBranchPoints="5" sequenceCoverage="100" branchCoverage="62.5" maxCyclomaticComplexity="8" minCyclomaticComplexity="1" visitedClasses="1" numClasses="1" visitedMethods="3" numMethods="3" />
          <FullName>BPCalculator.Services.TelemetryService</FullName>
          <Methods>
            <Method cyclomaticComplexity="8" nPathComplexity="8" sequenceCoverage="100" branchCoverage="62.5" isConstructor="False" isGetter="False" isSetter="False" isStatic="True">
              <Summary numSequencePoints="11" visitedSequencePoints="11" numBranchPoints="8" visitedBranchPoints="5" sequenceCoverage="100" branchCoverage="62.5" maxCyclomaticComplexity="8" minCyclomaticComplexity="8" visitedClasses="0" numClasses="0" visitedMethods="1" numMethods="1" />
              <MetadataToken />
              <Name>System.Void BPCalculator.Services.TelemetryService::TrackCalculation(BPCalculator.BloodPressure)</Name>
              <FileRef uid="4" />
              <SequencePoints>
                <SequencePoint vc="2" uspid="22" ordinal="0" sl="22" sc="1" el="22" ec="2" bec="0" bev="0" fileid="4" />
                <SequencePoint vc="2" uspid="23" ordinal="1" sl="23" sc="1" el="23" ec="2" bec="2" bev="2" fileid="4" />
                <SequencePoint vc="1" uspid="24" ordinal="2" sl="24" sc="1" el="24" ec="2" bec="0" bev="0" fileid="4" />
                <SequencePoint vc="1" uspid="25" ordinal="3" sl="25" sc="1" el="25" ec="2" bec="0" bev="0" fileid="4" />
                <SequencePoint vc="1" uspid="28" ordinal="4" sl="28" sc="1" el="28" ec="2" bec="0" bev="0" fileid="4" />
                <SequencePoint vc="1" uspid="30" ordinal="5" sl="30" sc="1" el="30" ec="2" bec="0" bev="0" fileid="4" />
                <SequencePoint vc="1" uspid="31" ordinal="6" sl="31" sc="1" el="31" ec="2" bec="2" bev="1" fileid="4" />
                <SequencePoint vc="1" uspid="32" ordinal="7" sl="32" sc="1" el="32" ec="2" bec="2" bev="1" fileid="4" />
                <SequencePoint vc="1" uspid="33" ordinal="8" sl="33" sc="1" el="33" ec="2" bec="2" bev="1" fileid="4" />
                <SequencePoint vc="1" uspid="35" ordinal="9" sl="35" sc="1" el="35" ec="2" bec="0" bev="0" fileid="4" />
                <SequencePoint vc="3" uspid="36" ordinal="10" sl="36" sc="1" el="36" ec="2" bec="0" bev="0" fileid="4" />
              </SequencePoints>
              <BranchPoints>
                <BranchPoint vc="1" uspid="23" ordinal="0" path="0" offset="7" offsetend="9" sl="23" fileid="4" />
                <BranchPoint vc="1" uspid="23" ordinal="1" path="1" offset="7" offsetend="15" sl="23" fileid="4" />
                <BranchPoint vc="0" uspid="31" ordinal="3" path="1" offset="40" offsetend="44" sl="31" fileid="4" />
                <BranchPoint vc="1" uspid="31" ordinal="2" path="0" offset="40" offsetend="67" sl="31" fileid="4" />
                <BranchPoint vc="0" uspid="32" ordinal="5" path="1" offset="68" offsetend="72" sl="32" fileid="4" />
                <BranchPoint vc="1" uspid="32" ordinal="4" path="0" offset="68" offsetend="95" sl="32" fileid="4" />
                <BranchPoint vc="0" uspid="33" ordinal="7" path="1" offset="96" offsetend="100" sl="33" fileid="4" />
                <BranchPoint vc="1" uspid="33" ordinal="6" path="0" offset="96" offsetend="125" sl="33" fileid="4" />
              </BranchPoints>
              <MethodPoint vc="11" uspid="0" p8:type="SequencePoint" ordinal="0" offset="0" sc="0" sl="22" ec="1" el="36" bec="0" bev="0" fileid="4" xmlns:p8="xsi" />
            </Method>
            <Method cyclomaticComplexity="1" nPathComplexity="1" sequenceCoverage="100" branchCoverage="100" isConstructor="True" isGetter="False" isSetter="False" isStatic="True">
              <Summary numSequencePoints="4" visitedSequencePoints="4" numBranchPoints="0" visitedBranchPoints="0" sequenceCoverage="100" branchCoverage="100" maxCyclomaticComplexity="1" minCyclomaticComplexity="1" visitedClasses="0" numClasses="0" visitedMethods="1" numMethods="1" />
              <MetadataToken />
              <Name>System.Void BPCalculator.Services.TelemetryService::.ctor(Microsoft.Extensions.Logging.ILogger`1&lt;BPCalculator.Services.TelemetryService&gt;)</Name>
              <FileRef uid="4" />
              <SequencePoints>
                <SequencePoint vc="2" uspid="16" ordinal="0" sl="16" sc="1" el="16" ec="2" bec="0" bev="0" fileid="4" />
                <SequencePoint vc="2" uspid="17" ordinal="1" sl="17" sc="1" el="17" ec="2" bec="0" bev="0" fileid="4" />
                <SequencePoint vc="2" uspid="18" ordinal="2" sl="18" sc="1" el="18" ec="2" bec="0" bev="0" fileid="4" />
                <SequencePoint vc="2" uspid="19" ordinal="3" sl="19" sc="1" el="19" ec="2" bec="0" bev="0" fileid="4" />
              </SequencePoints>
              <BranchPoints />
              <MethodPoint vc="4" uspid="0" p8:type="SequencePoint" ordinal="1" offset="1" sc="0" sl="16" ec="1" el="19" bec="0" bev="0" fileid="4" xmlns:p8="xsi" />
            </Method>
            <Method cyclomaticComplexity="1" nPathComplexity="1" sequenceCoverage="100" branchCoverage="100" isConstructor="True" isGetter="False" isSetter="False" isStatic="True">
              <Summary numSequencePoints="1" visitedSequencePoints="1" numBranchPoints="0" visitedBranchPoints="0" sequenceCoverage="100" branchCoverage="100" maxCyclomaticComplexity="1" minCyclomaticComplexity="1" visitedClasses="0" numClasses="0" visitedMethods="1" numMethods="1" />
              <MetadataToken />
              <Name>System.Void BPCalculator.Services.TelemetryService::.cctor()</Name>
              <FileRef uid="4" />
              <SequencePoints>
                <SequencePoint vc="1" uspid="13" ordinal="0" sl="13" sc="1" el="13" ec="2" bec="0" bev="0" fileid="4" />
              </SequencePoints>
              <BranchPoints />
              <MethodPoint vc="1" uspid="0" p8:type="SequencePoint" ordinal="2" offset="2" sc="0" sl="13" ec="1" el="13" bec="0" bev="0" fileid="4" xmlns:p8="xsi" />
            </Method>
          </Methods>
        </Class>
        <Class>
          <Summary numSequencePoints="9" visitedSequencePoints="0" numBranchPoints="4" visitedBranchPoints="0" sequenceCoverage="0" branchCoverage="0" maxCyclomaticComplexity="4" minCyclomaticComplexity="1" visitedClasses="0" numClasses="1" visitedMethods="0" numMethods="4" />
          <FullName>BPCalculator.Pages.ErrorModel</FullName>
          <Methods>
            <Method cyclomaticComplexity="1" nPathComplexity="1" sequenceCoverage="0" branchCoverage="100" isConstructor="False" isGetter="True" isSetter="False" isStatic="True">
              <Summary numSequencePoints="1" visitedSequencePoints="0" numBranchPoints="0" visitedBranchPoints="0" sequenceCoverage="0" branchCoverage="100" maxCyclomaticComplexity="1" minCyclomaticComplexity="1" visitedClasses="0" numClasses="0" visitedMethods="0" numMethods="1" />
              <MetadataToken />
              <Name>System.String BPCalculator.Pages.ErrorModel::get_RequestId()</Name>
              <FileRef uid="5" />
              <SequencePoints>
                <SequencePoint vc="0" uspid="15" ordinal="0" sl="15" sc="1" el="15" ec="2" bec="0" bev="0" fileid="5" />
              </SequencePoints>
              <BranchPoints />
              <MethodPoint vc="0" uspid="0" p8:type="SequencePoint" ordinal="0" offset="0" sc="0" sl="15" ec="1" el="15" bec="0" bev="0" fileid="5" xmlns:p8="xsi" />
            </Method>
            <Method cyclomaticComplexity="1" nPathComplexity="1" sequenceCoverage="0" branchCoverage="100" isConstructor="False" isGetter="True" isSetter="False" isStatic="True">
              <Summary numSequencePoints="1" visitedSequencePoints="0" numBranchPoints="0" visitedBranchPoints="0" sequenceCoverage="0" branchCoverage="100" maxCyclomaticComplexity="1" minCyclomaticComplexity="1" visitedClasses="0" numClasses="0" visitedMethods="0" numMethods="1" />
              <MetadataToken />
              <Name>System.Boolean BPCalculator.Pages.ErrorModel::get_ShowRequestId()</Name>
              <FileRef uid="5" />
              <SequencePoints>
                <SequencePoint vc="0" uspid="17" ordinal="0" sl="17" sc="1" el="17" ec="2" bec="0" bev="0" fileid="5" />
              </SequencePoints>
              <BranchPoints />
              <MethodPoint vc="0" uspid="0" p8:type="SequencePoint" ordinal="1" offset="1" sc="0" sl="17" ec="1" el="17" bec="0" bev="0" fileid="5" xmlns:p8="xsi" />
            </Method>
            <Method cyclomaticComplexity="4" nPathComplexity="4" sequenceCoverage="0" branchCoverage="0" isConstructor="False" isGetter="False" isSetter="False" isStatic="True">
              <Summary numSequencePoints="3" visitedSequencePoints="0" numBranchPoints="4" visitedBranchPoints="0" sequenceCoverage="0" branchCoverage="0" maxCyclomaticComplexity="4" minCyclomaticComplexity="4" visitedClasses="0" numClasses="0" visitedMethods="0" numMethods="1" />
              <MetadataToken />
              <Name>System.Void BPCalculator.Pages.ErrorModel::OnGet()</Name>
              <FileRef uid="5" />
              <SequencePoints>
                <SequencePoint vc="0" uspid="27" ordinal="0" sl="27" sc="1" el="27" ec="2" bec="0" bev="0" fileid="5" />
                <SequencePoint vc="0" uspid="28" ordinal="1" sl="28" sc="1" el="28" ec="2" bec="4" bev="0" fileid="5" />
                <SequencePoint vc="0" uspid="29" ordinal="2" sl="29" sc="1" el="29" ec="2" bec="0" bev="0" fileid="5" />
              </SequencePoints>
              <BranchPoints>
                <BranchPoint vc="0" uspid="28" ordinal="0" path="0" offset="8" offsetend="10" sl="28" fileid="5" />
                <BranchPoint vc="0" uspid="28" ordinal="1" path="1" offset="8" offsetend="14" sl="28" fileid="5" />
                <BranchPoint vc="0" uspid="28" ordinal="2" path="0" offset="20" offsetend="22" sl="28" fileid="5" />
                <BranchPoint vc="0" uspid="28" ordinal="3" path="1" offset="20" offsetend="34" sl="28" fileid="5" />
              </BranchPoints>
              <MethodPoint vc="0" uspid="0" p8:type="SequencePoint" ordinal="2" offset="2" sc="0" sl="27" ec="1" el="29" bec="0" bev="0" fileid="5" xmlns:p8="xsi" />
            </Method>
            <Method cyclomaticComplexity="1" nPathComplexity="1" sequenceCoverage="0" branchCoverage="100" isConstructor="True" isGetter="False" isSetter="False" isStatic="True">
              <Summary numSequencePoints="4" visitedSequencePoints="0" numBranchPoints="0" visitedBranchPoints="0" sequenceCoverage="0" branchCoverage="100" maxCyclomaticComplexity="1" minCyclomaticComplexity="1" visitedClasses="0" numClasses="0" visitedMethods="0" numMethods="1" />
              <MetadataToken />
              <Name>System.Void BPCalculator.Pages.ErrorModel::.ctor(Microsoft.Extensions.Logging.ILogger`1&lt;BPCalculator.Pages.ErrorModel&gt;)</Name>
              <FileRef uid="5" />
              <SequencePoints>
                <SequencePoint vc="0" uspid="21" ordinal="0" sl="21" sc="1" el="21" ec="2" bec="0" bev="0" fileid="5" />
                <SequencePoint vc="0" uspid="22" ordinal="1" sl="22" sc="1" el="22" ec="2" bec="0" bev="0" fileid="5" />
                <SequencePoint vc="0" uspid="23" ordinal="2" sl="23" sc="1" el="23" ec="2" bec="0" bev="0" fileid="5" />
                <SequencePoint vc="0" uspid="24" ordinal="3" sl="24" sc="1" el="24" ec="2" bec="0" bev="0" fileid="5" />
              </SequencePoints>
              <BranchPoints />
              <MethodPoint vc="0" uspid="0" p8:type="SequencePoint" ordinal="3" offset="3" sc="0" sl="21" ec="1" el="24" bec="0" bev="0" fileid="5" xmlns:p8="xsi" />
            </Method>
          </Methods>
        </Class>
        <Class>
          <Summary numSequencePoints="19" visitedSequencePoints="0" numBranchPoints="4" visitedBranchPoints="0" sequenceCoverage="0" branchCoverage="0" maxCyclomaticComplexity="4" minCyclomaticComplexity="1" visitedClasses="0" numClasses="1" visitedMethods="0" numMethods="4" />
          <FullName>BPCalculator.Pages.BloodPressureModel</FullName>
          <Methods>
            <Method cyclomaticComplexity="1" nPathComplexity="1" sequenceCoverage="0" branchCoverage="100" isConstructor="False" isGetter="True" isSetter="False" isStatic="True">
              <Summary numSequencePoints="1" visitedSequencePoints="0" numBranchPoints="0" visitedBranchPoints="0" sequenceCoverage="0" branchCoverage="100" maxCyclomaticComplexity="1" minCyclomaticComplexity="1" visitedClasses="0" numClasses="0" visitedMethods="0" numMethods="1" />
              <MetadataToken />
              <Name>BPCalculator.BloodPressure BPCalculator.Pages.BloodPressureModel::get_BP()</Name>
              <FileRef uid="6" />
              <SequencePoints>
                <SequencePoint vc="0" uspid="19" ordinal="0" sl="19" sc="1" el="19" ec="2" bec="0" bev="0" fileid="6" />
              </SequencePoints>
              <BranchPoints />
              <MethodPoint vc="0" uspid="0" p8:type="SequencePoint" ordinal="0" offset="0" sc="0" sl="19" ec="1" el="19" bec="0" bev="0" fileid="6" xmlns:p8="xsi" />
            </Method>
            <Method cyclomaticComplexity="1" nPathComplexity="1" sequenceCoverage="0" branchCoverage="100" isConstructor="False" isGetter="False" isSetter="False" isStatic="True">
              <Summary numSequencePoints="3" visitedSequencePoints="0" numBranchPoints="0" visitedBranchPoints="0" sequenceCoverage="0" branchCoverage="100" maxCyclomaticComplexity="1" minCyclomaticComplexity="1" visitedClasses="0" numClasses="0" visitedMethods="0" numMethods="1" />
              <MetadataToken />
              <Name>System.Void BPCalculator.Pages.BloodPressureModel::OnGet()</Name>
              <FileRef uid="6" />
              <SequencePoints>
                <SequencePoint vc="0" uspid="23" ordinal="0" sl="23" sc="1" el="23" ec="2" bec="0" bev="0" fileid="6" />
                <SequencePoint vc="0" uspid="24" ordinal="1" sl="24" sc="1" el="24" ec="2" bec="0" bev="0" fileid="6" />
                <SequencePoint vc="0" uspid="25" ordinal="2" sl="25" sc="1" el="25" ec="2" bec="0" bev="0" fileid="6" />
              </SequencePoints>
              <BranchPoints />
              <MethodPoint vc="0" uspid="0" p8:type="SequencePoint" ordinal="1" offset="1" sc="0" sl="23" ec="1" el="25" bec="0" bev="0" fileid="6" xmlns:p8="xsi" />
            </Method>
            <Method cyclomaticComplexity="4" nPathComplexity="4" sequenceCoverage="0" branchCoverage="0" isConstructor="False" isGetter="False" isSetter="False" isStatic="True">
              <Summary numSequencePoints="11" visitedSequencePoints="0" numBranchPoints="4" visitedBranchPoints="0" sequenceCoverage="0" branchCoverage="0" maxCyclomaticComplexity="4" minCyclomaticComplexity="4" visitedClasses="0" numClasses="0" visitedMethods="0" numMethods="1" />
              <MetadataToken />
              <Name>Microsoft.AspNetCore.Mvc.IActionResult BPCalculator.Pages.BloodPressureModel::OnPost()</Name>
              <FileRef uid="6" />
              <SequencePoints>
                <SequencePoint vc="0" uspid="29" ordinal="0" sl="29" sc="1" el="29" ec="2" bec="0" bev="0" fileid="6" />
                <SequencePoint vc="0" uspid="31" ordinal="1" sl="31" sc="1" el="31" ec="2" bec="2" bev="0" fileid="6" />
                <SequencePoint vc="0" uspid="32" ordinal="2" sl="32" sc="1" el="32" ec="2" bec="0" bev="0" fileid="6" />
                <SequencePoint vc="0" uspid="33" ordinal="3" sl="33" sc="1" el="33" ec="2" bec="0" bev="0" fileid="6" />
                <SequencePoint vc="0" uspid="34" ordinal="4" sl="34" sc="1" el="34" ec="2" bec="0" bev="0" fileid="6" />
                <SequencePoint vc="0" uspid="36" ordinal="5" sl="36" sc="1" el="36" ec="2" bec="2" bev="0" fileid="6" />
                <SequencePoint vc="0" uspid="37" ordinal="6" sl="37" sc="1" el="37" ec="2" bec="0" bev="0" fileid="6" />
                <SequencePoint vc="0" uspid="38" ordinal="7" sl="38" sc="1" el="38" ec="2" bec="0" bev="0" fileid="6" />
                <SequencePoint vc="0" uspid="39" ordinal="8" sl="39" sc="1" el="39" ec="2" bec="0" bev="0" fileid="6" />
                <SequencePoint vc="0" uspid="40" ordinal="9" sl="40" sc="1" el="40" ec="2" bec="0" bev="0" fileid="6" />
                <SequencePoint vc="0" uspid="41" ordinal="10" sl="41" sc="1" el="41" ec="2" bec="0" bev="0" fileid="6" />
              </SequencePoints>
              <BranchPoints>
                <BranchPoint vc="0" uspid="31" ordinal="0" path="0" offset="30" offsetend="32" sl="31" fileid="6" />
                <BranchPoint vc="0" uspid="31" ordinal="1" path="1" offset="30" offsetend="56" sl="31" fileid="6" />
                <BranchPoint vc="0" uspid="36" ordinal="2" path="0" offset="69" offsetend="71" sl="36" fileid="6" />
                <BranchPoint vc="0" uspid="36" ordinal="3" path="1" offset="69" offsetend="91" sl="36" fileid="6" />
              </BranchPoints>
              <MethodPoint vc="0" uspid="0" p8:type="SequencePoint" ordinal="2" offset="2" sc="0" sl="29" ec="1" el="41" bec="0" bev="0" fileid="6" xmlns:p8="xsi" />
            </Method>
            <Method cyclomaticComplexity="1" nPathComplexity="1" sequenceCoverage="0" branchCoverage="100" isConstructor="True" isGetter="False" isSetter="False" isStatic="True">
              <Summary numSequencePoints="4" visitedSequencePoints="0" numBranchPoints="0" visitedBranchPoints="0" sequenceCoverage="0" branchCoverage="100" maxCyclomaticComplexity="1" minCyclomaticComplexity="1" visitedClasses="0" numClasses="0" visitedMethods="0" numMethods="1" />
              <MetadataToken />
              <Name>System.Void BPCalculator.Pages.BloodPressureModel::.ctor(BPCalculator.Services.ITelemetryService)</Name>
              <FileRef uid="6" />
              <SequencePoints>
                <SequencePoint vc="0" uspid="13" ordinal="0" sl="13" sc="1" el="13" ec="2" bec="0" bev="0" fileid="6" />
                <SequencePoint vc="0" uspid="14" ordinal="1" sl="14" sc="1" el="14" ec="2" bec="0" bev="0" fileid="6" />
                <SequencePoint vc="0" uspid="15" ordinal="2" sl="15" sc="1" el="15" ec="2" bec="0" bev="0" fileid="6" />
                <SequencePoint vc="0" uspid="16" ordinal="3" sl="16" sc="1" el="16" ec="2" bec="0" bev="0" fileid="6" />
              </SequencePoints>
              <BranchPoints />
              <MethodPoint vc="0" uspid="0" p8:type="SequencePoint" ordinal="3" offset="3" sc="0" sl="13" ec="1" el="16" bec="0" bev="0" fileid="6" xmlns:p8="xsi" />
            </Method>
          </Methods>
        </Class>
        <Class>
          <Summary numSequencePoints="6" visitedSequencePoints="0" numBranchPoints="0" visitedBranchPoints="0" sequenceCoverage="0" branchCoverage="100" maxCyclomaticComplexity="1" minCyclomaticComplexity="1" visitedClasses="0" numClasses="1" visitedMethods="0" numMethods="2" />
          <FullName>BPCalculator.Pages.PrivacyModel</FullName>
          <Methods>
            <Method cyclomaticComplexity="1" nPathComplexity="1" sequenceCoverage="0" branchCoverage="100" isConstructor="False" isGetter="False" isSetter="False" isStatic="True">
              <Summary numSequencePoints="2" visitedSequencePoints="0" numBranchPoints="0" visitedBranchPoints="0" sequenceCoverage="0" branchCoverage="100" maxCyclomaticComplexity="1" minCyclomaticComplexity="1" visitedClasses="0" numClasses="0" visitedMethods="0" numMethods="1" />
              <MetadataToken />
              <Name>System.Void BPCalculator.Pages.PrivacyModel::OnGet()</Name>
              <FileRef uid="7" />
              <SequencePoints>
                <SequencePoint vc="0" uspid="21" ordinal="0" sl="21" sc="1" el="21" ec="2" bec="0" bev="0" fileid="7" />
                <SequencePoint vc="0" uspid="22" ordinal="1" sl="22" sc="1" el="22" ec="2" bec="0" bev="0" fileid="7" />
              </SequencePoints>
              <BranchPoints />
              <MethodPoint vc="0" uspid="0" p8:type="SequencePoint" ordinal="0" offset="0" sc="0" sl="21" ec="1" el="22" bec="0" bev="0" fileid="7" xmlns:p8="xsi" />
            </Method>
            <Method cyclomaticComplexity="1" nPathComplexity="1" sequenceCoverage="0" branchCoverage="100" isConstructor="True" isGetter="False" isSetter="False" isStatic="True">
              <Summary numSequencePoints="4" visitedSequencePoints="0" numBranchPoints="0" visitedBranchPoints="0" sequenceCoverage="0" branchCoverage="100" maxCyclomaticComplexity="1" minCyclomaticComplexity="1" visitedClasses="0" numClasses="0" visitedMethods="0" numMethods="1" />
              <MetadataToken />
              <Name>System.Void BPCalculator.Pages.PrivacyModel::.ctor(Microsoft.Extensions.Logging.ILogger`1&lt;BPCalculator.Pages.PrivacyModel&gt;)</Name>
              <FileRef uid="7" />
              <SequencePoints>
                <SequencePoint vc="0" uspid="15" ordinal="0" sl="15" sc="1" el="15" ec="2" bec="0" bev="0" fileid="7" />
                <SequencePoint vc="0" uspid="16" ordinal="1" sl="16" sc="1" el="16" ec="2" bec="0" bev="0" fileid="7" />
                <SequencePoint vc="0" uspid="17" ordinal="2" sl="17" sc="1" el="17" ec="2" bec="0" bev="0" fileid="7" />
                <SequencePoint vc="0" uspid="18" ordinal="3" sl="18" sc="1" el="18" ec="2" bec="0" bev="0" fileid="7" />
              </SequencePoints>
              <BranchPoints />
              <MethodPoint vc="0" uspid="0" p8:type="SequencePoint" ordinal="1" offset="1" sc="0" sl="15" ec="1" el="18" bec="0" bev="0" fileid="7" xmlns:p8="xsi" />
            </Method>
          </Methods>
        </Class>
        <Class>
          <Summary numSequencePoints="4" visitedSequencePoints="0" numBranchPoints="2" visitedBranchPoints="0" sequenceCoverage="0" branchCoverage="0" maxCyclomaticComplexity="2" minCyclomaticComplexity="2" visitedClasses="0" numClasses="1" visitedMethods="0" numMethods="1" />
          <FullName>BPCalculator.Pages.Pages_Error/&lt;ExecuteAsync&gt;d__0</FullName>
          <Methods>
            <Method cyclomaticComplexity="2" nPathComplexity="2" sequenceCoverage="0" branchCoverage="0" isConstructor="False" isGetter="False" isSetter="False" isStatic="True">
              <Summary numSequencePoints="4" visitedSequencePoints="0" numBranchPoints="2" visitedBranchPoints="0" sequenceCoverage="0" branchCoverage="0" maxCyclomaticComplexity="2" minCyclomaticComplexity="2" visitedClasses="0" numClasses="0" visitedMethods="0" numMethods="1" />
              <MetadataToken />
              <Name>System.Void BPCalculator.Pages.Pages_Error/&lt;ExecuteAsync&gt;d__0::MoveNext()</Name>
              <FileRef uid="8" />
              <SequencePoints>
                <SequencePoint vc="0" uspid="4" ordinal="0" sl="4" sc="1" el="4" ec="2" bec="0" bev="0" fileid="8" />
                <SequencePoint vc="0" uspid="10" ordinal="1" sl="10" sc="1" el="10" ec="2" bec="2" bev="0" fileid="8" />
                <SequencePoint vc="0" uspid="11" ordinal="2" sl="11" sc="1" el="11" ec="2" bec="0" bev="0" fileid="8" />
                <SequencePoint vc="0" uspid="15" ordinal="3" sl="15" sc="1" el="15" ec="2" bec="0" bev="0" fileid="8" />
              </SequencePoints>
              <BranchPoints>
                <BranchPoint vc="0" uspid="10" ordinal="0" path="0" offset="70" offsetend="72" sl="10" fileid="8" />
                <BranchPoint vc="0" uspid="10" ordinal="1" path="1" offset="70" offsetend="136" sl="10" fileid="8" />
              </BranchPoints>
              <MethodPoint vc="0" uspid="0" p8:type="SequencePoint" ordinal="0" offset="0" sc="0" sl="4" ec="1" el="15" bec="0" bev="0" fileid="8" xmlns:p8="xsi" />
            </Method>
          </Methods>
        </Class>
        <Class>
          <Summary numSequencePoints="3" visitedSequencePoints="0" numBranchPoints="16" visitedBranchPoints="0" sequenceCoverage="0" branchCoverage="0" maxCyclomaticComplexity="16" minCyclomaticComplexity="16" visitedClasses="0" numClasses="1" visitedMethods="0" numMethods="1" />
          <FullName>BPCalculator.Pages.Pages_Index/&lt;&lt;ExecuteAsync&gt;b__17_0&gt;d</FullName>
          <Methods>
            <Method cyclomaticComplexity="16" nPathComplexity="16" sequenceCoverage="0" branchCoverage="0" isConstructor="False" isGetter="False" isSetter="False" isStatic="True">
              <Summary numSequencePoints="3" visitedSequencePoints="0" numBranchPoints="16" visitedBranchPoints="0" sequenceCoverage="0" branchCoverage="0" maxCyclomaticComplexity="16" minCyclomaticComplexity="16" visitedClasses="0" numClasses="0" visitedMethods="0" numMethods="1" />
              <MetadataToken />
              <Name>System.Void BPCalculator.Pages.Pages_Index/&lt;&lt;ExecuteAsync&gt;b__17_0&gt;d::MoveNext()</Name>
              <FileRef uid="9" />
              <SequencePoints>
                <SequencePoint vc="0" uspid="28" ordinal="0" sl="28" sc="1" el="28" ec="2" bec="16" bev="0" fileid="9" />
                <SequencePoint vc="0" uspid="29" ordinal="1" sl="29" sc="1" el="29" ec="2" bec="0" bev="0" fileid="9" />
                <SequencePoint vc="0" uspid="33" ordinal="2" sl="33" sc="1" el="33" ec="2" bec="0" bev="0" fileid="9" />
              </SequencePoints>
              <BranchPoints>
                <BranchPoint vc="0" uspid="28" ordinal="0" path="0" offset="505" offsetend="507" sl="28" fileid="9" />
                <BranchPoint vc="0" uspid="28" ordinal="1" path="1" offset="505" offsetend="618" sl="28" fileid="9" />
                <BranchPoint vc="0" uspid="28" ordinal="2" path="0" offset="1142" offsetend="1144" sl="28" fileid="9" />
                <BranchPoint vc="0" uspid="28" ordinal="3" path="1" offset="1142" offsetend="1255" sl="28" fileid="9" />
                <BranchPoint vc="0" uspid="28" ordinal="4" path="0" offset="1779" offsetend="1781" sl="28" fileid="9" />
                <BranchPoint vc="0" uspid="28" ordinal="5" path="1" offset="1779" offsetend="1892" sl="28" fileid="9" />
                <BranchPoint vc="0" uspid="28" ordinal="6" path="0" offset="2416" offsetend="2418" sl="28" fileid="9" />
                <BranchPoint vc="0" uspid="28" ordinal="7" path="1" offset="2416" offsetend="2529" sl="28" fileid="9" />
                <BranchPoint vc="0" uspid="28" ordinal="8" path="0" offset="3053" offsetend="3055" sl="28" fileid="9" />
                <BranchPoint vc="0" uspid="28" ordinal="9" path="1" offset="3053" offsetend="3167" sl="28" fileid="9" />
                <BranchPoint vc="0" uspid="28" ordinal="10" path="0" offset="3692" offsetend="3694" sl="28" fileid="9" />
                <BranchPoint vc="0" uspid="28" ordinal="11" path="1" offset="3692" offsetend="3806" sl="28" fileid="9" />
                <BranchPoint vc="0" uspid="28" ordinal="12" path="0" offset="4331" offsetend="4333" sl="28" fileid="9" />
                <BranchPoint vc="0" uspid="28" ordinal="13" path="1" offset="4331" offsetend="4445" sl="28" fileid="9" />
                <BranchPoint vc="0" uspid="28" ordinal="14" path="0" offset="4542" offsetend="4547" sl="28" fileid="9" />
                <BranchPoint vc="0" uspid="28" ordinal="15" path="1" offset="4542" offsetend="4706" sl="28" fileid="9" />
              </BranchPoints>
              <MethodPoint vc="0" uspid="0" p8:type="SequencePoint" ordinal="0" offset="0" sc="0" sl="28" ec="1" el="33" bec="0" bev="0" fileid="9" xmlns:p8="xsi" />
            </Method>
          </Methods>
        </Class>
        <Class>
          <Summary numSequencePoints="1" visitedSequencePoints="0" numBranchPoints="0" visitedBranchPoints="0" sequenceCoverage="0" branchCoverage="100" maxCyclomaticComplexity="1" minCyclomaticComplexity="1" visitedClasses="0" numClasses="1" visitedMethods="0" numMethods="1" />
          <FullName>BPCalculator.Pages.Pages_Index/&lt;&lt;ExecuteAsync&gt;b__17_1&gt;d</FullName>
          <Methods>
            <Method cyclomaticComplexity="1" nPathComplexity="1" sequenceCoverage="0" branchCoverage="100" isConstructor="False" isGetter="False" isSetter="False" isStatic="True">
              <Summary numSequencePoints="1" visitedSequencePoints="0" numBranchPoints="0" visitedBranchPoints="0" sequenceCoverage="0" branchCoverage="100" maxCyclomaticComplexity="1" minCyclomaticComplexity="1" visitedClasses="0" numClasses="0" visitedMethods="0" numMethods="1" />
              <MetadataToken />
              <Name>System.Void BPCalculator.Pages.Pages_Index/&lt;&lt;ExecuteAsync&gt;b__17_1&gt;d::MoveNext()</Name>
              <FileRef uid="9" />
              <SequencePoints>
                <SequencePoint vc="0" uspid="39" ordinal="0" sl="39" sc="1" el="39" ec="2" bec="0" bev="0" fileid="9" />
              </SequencePoints>
              <BranchPoints />
              <MethodPoint vc="0" uspid="0" p8:type="SequencePoint" ordinal="0" offset="0" sc="0" sl="39" ec="1" el="39" bec="0" bev="0" fileid="9" xmlns:p8="xsi" />
            </Method>
          </Methods>
        </Class>
        <Class>
          <Summary numSequencePoints="1" visitedSequencePoints="0" numBranchPoints="2" visitedBranchPoints="0" sequenceCoverage="0" branchCoverage="0" maxCyclomaticComplexity="2" minCyclomaticComplexity="2" visitedClasses="0" numClasses="1" visitedMethods="0" numMethods="1" />
          <FullName>BPCalculator.Pages.Pages_Index/&lt;ExecuteAsync&gt;d__17</FullName>
          <Methods>
            <Method cyclomaticComplexity="2" nPathComplexity="2" sequenceCoverage="0" branchCoverage="0" isConstructor="False" isGetter="False" isSetter="False" isStatic="True">
              <Summary numSequencePoints="1" visitedSequencePoints="0" numBranchPoints="2" visitedBranchPoints="0" sequenceCoverage="0" branchCoverage="0" maxCyclomaticComplexity="2" minCyclomaticComplexity="2" visitedClasses="0" numClasses="0" visitedMethods="0" numMethods="1" />
              <MetadataToken />
              <Name>System.Void BPCalculator.Pages.Pages_Index/&lt;ExecuteAsync&gt;d__17::MoveNext()</Name>
              <FileRef uid="9" />
              <SequencePoints>
                <SequencePoint vc="0" uspid="5" ordinal="0" sl="5" sc="1" el="5" ec="2" bec="2" bev="0" fileid="9" />
              </SequencePoints>
              <BranchPoints>
                <BranchPoint vc="0" uspid="5" ordinal="0" path="0" offset="464" offsetend="466" sl="5" fileid="9" />
                <BranchPoint vc="0" uspid="5" ordinal="1" path="1" offset="464" offsetend="577" sl="5" fileid="9" />
              </BranchPoints>
              <MethodPoint vc="0" uspid="0" p8:type="SequencePoint" ordinal="0" offset="0" sc="0" sl="5" ec="1" el="5" bec="0" bev="0" fileid="9" xmlns:p8="xsi" />
            </Method>
          </Methods>
        </Class>
        <Class>
          <Summary numSequencePoints="1" visitedSequencePoints="0" numBranchPoints="0" visitedBranchPoints="0" sequenceCoverage="0" branchCoverage="100" maxCyclomaticComplexity="1" minCyclomaticComplexity="1" visitedClasses="0" numClasses="1" visitedMethods="0" numMethods="1" />
          <FullName>BPCalculator.Pages.Pages_Privacy/&lt;ExecuteAsync&gt;d__0</FullName>
          <Methods>
            <Method cyclomaticComplexity="1" nPathComplexity="1" sequenceCoverage="0" branchCoverage="100" isConstructor="False" isGetter="False" isSetter="False" isStatic="True">
              <Summary numSequencePoints="1" visitedSequencePoints="0" numBranchPoints="0" visitedBranchPoints="0" sequenceCoverage="0" branchCoverage="100" maxCyclomaticComplexity="1" minCyclomaticComplexity="1" visitedClasses="0" numClasses="0" visitedMethods="0" numMethods="1" />
              <MetadataToken />
              <Name>System.Void BPCalculator.Pages.Pages_Privacy/&lt;ExecuteAsync&gt;d__0::MoveNext()</Name>
              <FileRef uid="10" />
              <SequencePoints>
                <SequencePoint vc="0" uspid="4" ordinal="0" sl="4" sc="1" el="4" ec="2" bec="0" bev="0" fileid="10" />
              </SequencePoints>
              <BranchPoints />
              <MethodPoint vc="0" uspid="0" p8:type="SequencePoint" ordinal="0" offset="0" sc="0" sl="4" ec="1" el="4" bec="0" bev="0" fileid="10" xmlns:p8="xsi" />
            </Method>
          </Methods>
        </Class>
        <Class>
          <Summary numSequencePoints="1" visitedSequencePoints="0" numBranchPoints="0" visitedBranchPoints="0" sequenceCoverage="0" branchCoverage="100" maxCyclomaticComplexity="1" minCyclomaticComplexity="1" visitedClasses="0" numClasses="1" visitedMethods="0" numMethods="1" />
          <FullName>BPCalculator.Pages.Pages__ViewStart/&lt;ExecuteAsync&gt;d__0</FullName>
          <Methods>
            <Method cyclomaticComplexity="1" nPathComplexity="1" sequenceCoverage="0" branchCoverage="100" isConstructor="False" isGetter="False" isSetter="False" isStatic="True">
              <Summary numSequencePoints="1" visitedSequencePoints="0" numBranchPoints="0" visitedBranchPoints="0" sequenceCoverage="0" branchCoverage="100" maxCyclomaticComplexity="1" minCyclomaticComplexity="1" visitedClasses="0" numClasses="0" visitedMethods="0" numMethods="1" />
              <MetadataToken />
              <Name>System.Void BPCalculator.Pages.Pages__ViewStart/&lt;ExecuteAsync&gt;d__0::MoveNext()</Name>
              <FileRef uid="11" />
              <SequencePoints>
                <SequencePoint vc="0" uspid="2" ordinal="0" sl="2" sc="1" el="2" ec="2" bec="0" bev="0" fileid="11" />
              </SequencePoints>
              <BranchPoints />
              <MethodPoint vc="0" uspid="0" p8:type="SequencePoint" ordinal="0" offset="0" sc="0" sl="2" ec="1" el="2" bec="0" bev="0" fileid="11" xmlns:p8="xsi" />
            </Method>
          </Methods>
        </Class>
      </Classes>
    </Module>
  </Modules>
</CoverageSession>